<?xml version="1.0" encoding="UTF-8"?>
<testng-results skipped="0" failed="0" ignored="0" total="1" passed="1">
  <reporter-output>
  </reporter-output>
  <suite name="Suite" duration-ms="18765" started-at="2017-09-16T11:50:42Z" finished-at="2017-09-16T11:51:01Z">
    <groups>
    </groups>
    <test name="Test" duration-ms="18765" started-at="2017-09-16T11:50:42Z" finished-at="2017-09-16T11:51:01Z">
      <class name="com.maven1.MyMaven1.Selenium">
        <test-method status="PASS" signature="beforeTest()[pri:0, instance:com.maven1.MyMaven1.Selenium@ba2a48]" name="beforeTest" is-config="true" duration-ms="11688" started-at="2017-09-16T17:20:42Z" finished-at="2017-09-16T17:20:54Z">
          <reporter-output>
          </reporter-output>
        </test-method> <!-- beforeTest -->
        <test-method status="PASS" signature="f()[pri:0, instance:com.maven1.MyMaven1.Selenium@ba2a48]" name="f" duration-ms="7038" started-at="2017-09-16T17:20:54Z" finished-at="2017-09-16T17:21:01Z">
          <reporter-output>
          </reporter-output>
        </test-method> <!-- f -->
        <test-method status="PASS" signature="afterTest()[pri:0, instance:com.maven1.MyMaven1.Selenium@ba2a48]" name="afterTest" is-config="true" duration-ms="1" started-at="2017-09-16T17:21:01Z" finished-at="2017-09-16T17:21:01Z">
          <reporter-output>
          </reporter-output>
        </test-method> <!-- afterTest -->
      </class> <!-- com.maven1.MyMaven1.Selenium -->
    </test> <!-- Test -->
  </suite> <!-- Suite -->
</testng-results>
