<?xml version="1.0" encoding="UTF-8"?>
<testng-results skipped="0" failed="0" ignored="0" total="1" passed="1">
  <reporter-output>
  </reporter-output>
  <suite name="Default suite" duration-ms="18071" started-at="2017-09-16T08:30:31Z" finished-at="2017-09-16T08:30:50Z">
    <groups>
    </groups>
    <test name="Default test" duration-ms="18071" started-at="2017-09-16T08:30:31Z" finished-at="2017-09-16T08:30:50Z">
      <class name="com.maven1.MyMaven1.Selenium">
        <test-method status="PASS" signature="beforeTest()[pri:0, instance:com.maven1.MyMaven1.Selenium@19c0f4a]" name="beforeTest" is-config="true" duration-ms="9832" started-at="2017-09-16T14:00:31Z" finished-at="2017-09-16T14:00:41Z">
          <reporter-output>
          </reporter-output>
        </test-method> <!-- beforeTest -->
        <test-method status="PASS" signature="f()[pri:0, instance:com.maven1.MyMaven1.Selenium@19c0f4a]" name="f" duration-ms="8198" started-at="2017-09-16T14:00:41Z" finished-at="2017-09-16T14:00:50Z">
          <reporter-output>
          </reporter-output>
        </test-method> <!-- f -->
        <test-method status="PASS" signature="afterTest()[pri:0, instance:com.maven1.MyMaven1.Selenium@19c0f4a]" name="afterTest" is-config="true" duration-ms="0" started-at="2017-09-16T14:00:50Z" finished-at="2017-09-16T14:00:50Z">
          <reporter-output>
          </reporter-output>
        </test-method> <!-- afterTest -->
      </class> <!-- com.maven1.MyMaven1.Selenium -->
    </test> <!-- Default test -->
  </suite> <!-- Default suite -->
</testng-results>
